<?xml version="1.0" encoding="UTF-8"?>
<testsuite xmlns:xsi="http://www.w3.org/2001/XMLSchema-instance" xsi:noNamespaceSchemaLocation="https://maven.apache.org/surefire/maven-surefire-plugin/xsd/surefire-test-report-3.0.xsd" version="3.0" name="com.builder.portfolio.concurrency.DocumentUploadConcurrencyTest" time="0.066" tests="1" errors="0" skipped="0" failures="0">
  <properties>
[...]
</properties>
  <testcase name="concurrentUploadsAreStored" classname="com.builder.portfolio.concurrency.DocumentUploadConcurrencyTest" time="0.063">
    <system-err><![CDATA[[pool-2-thread-8] INFO com.builder.portfolio.service.ProjectServiceImpl - Document spec-7.pdf uploaded for project 10 by user 77 in 0 ms
[pool-2-thread-7] INFO com.builder.portfolio.service.ProjectServiceImpl - Document spec-6.pdf uploaded for project 10 by user 77 in 0 ms
[pool-2-thread-6] INFO com.builder.portfolio.service.ProjectServiceImpl - Document spec-5.pdf uploaded for project 10 by user 77 in 0 ms
[pool-2-thread-10] INFO com.builder.portfolio.service.ProjectServiceImpl - Document spec-9.pdf uploaded for project 10 by user 77 in 0 ms
[pool-2-thread-9] INFO com.builder.portfolio.service.ProjectServiceImpl - Document spec-8.pdf uploaded for project 10 by user 77 in 0 ms
[pool-2-thread-5] INFO com.builder.portfolio.service.ProjectServiceImpl - Document spec-4.pdf uploaded for project 10 by user 77 in 0 ms
[pool-2-thread-1] INFO com.builder.portfolio.service.ProjectServiceImpl - Document spec-0.pdf uploaded for project 10 by user 77 in 0 ms
[pool-2-thread-4] INFO com.builder.portfolio.service.ProjectServiceImpl - Document spec-3.pdf uploaded for project 10 by user 77 in 0 ms
[pool-2-thread-3] INFO com.builder.portfolio.service.ProjectServiceImpl - Document spec-2.pdf uploaded for project 10 by user 77 in 0 ms
[pool-2-thread-2] INFO com.builder.portfolio.service.ProjectServiceImpl - Document spec-1.pdf uploaded for project 10 by user 77 in 6 ms
]]></system-err>
  </testcase>
</testsuite>