<?xml version="1.0" encoding="UTF-8"?>
<testsuite xmlns:xsi="http://www.w3.org/2001/XMLSchema-instance" xsi:noNamespaceSchemaLocation="https://maven.apache.org/surefire/maven-surefire-plugin/xsd/surefire-test-report-3.0.xsd" version="3.0" name="com.builder.portfolio.concurrency.ProjectConcurrencyTest" time="0.09" tests="3" errors="0" skipped="1" failures="0">
  <properties>
[...]
</properties>
  <testcase name="budgetUpdatesAreAtomic" classname="com.builder.portfolio.concurrency.ProjectConcurrencyTest" time="0.076">
    <system-err><![CDATA[[pool-3-thread-8] INFO com.builder.portfolio.service.ProjectServiceImpl - Budget update for project 1 delta 100.0 new total 100.0 in 49 ms (version 1)
[pool-3-thread-6] INFO com.builder.portfolio.service.ProjectServiceImpl - Budget update for project 1 delta 100.0 new total 200.0 in 0 ms (version 2)
[pool-3-thread-1] INFO com.builder.portfolio.service.ProjectServiceImpl - Budget update for project 1 delta 100.0 new total 300.0 in 0 ms (version 3)
[pool-3-thread-7] INFO com.builder.portfolio.service.ProjectServiceImpl - Budget update for project 1 delta 100.0 new total 400.0 in 0 ms (version 4)
[pool-3-thread-10] INFO com.builder.portfolio.service.ProjectServiceImpl - Budget update for project 1 delta 100.0 new total 500.0 in 0 ms (version 5)
[pool-3-thread-4] INFO com.builder.portfolio.service.ProjectServiceImpl - Budget update for project 1 delta 100.0 new total 600.0 in 0 ms (version 6)
[pool-3-thread-5] INFO com.builder.portfolio.service.ProjectServiceImpl - Budget update for project 1 delta 100.0 new total 700.0 in 0 ms (version 7)
[pool-3-thread-3] INFO com.builder.portfolio.service.ProjectServiceImpl - Budget update for project 1 delta 100.0 new total 800.0 in 0 ms (version 8)
[pool-3-thread-9] INFO com.builder.portfolio.service.ProjectServiceImpl - Budget update for project 1 delta 100.0 new total 900.0 in 0 ms (version 9)
[pool-3-thread-2] INFO com.builder.portfolio.service.ProjectServiceImpl - Budget update for project 1 delta 100.0 new total 1000.0 in 0 ms (version 10)
]]></system-err>
  </testcase>
  <testcase name="deadlockDemo" classname="com.builder.portfolio.concurrency.ProjectConcurrencyTest" time="0.0">
    <skipped message="Demonstrates potential deadlock when lock ordering is violated"/>
  </testcase>
  <testcase name="statusUpdatesRespectVersioning" classname="com.builder.portfolio.concurrency.ProjectConcurrencyTest" time="0.008">
    <system-err><![CDATA[[pool-4-thread-1] INFO com.builder.portfolio.service.ProjectServiceImpl - Status update for project 1 completed in 0 ms (version 1)
[pool-4-thread-1] INFO com.builder.portfolio.service.ProjectServiceImpl - Status update for project 1 completed in 0 ms (version 2)
[pool-4-thread-1] INFO com.builder.portfolio.service.ProjectServiceImpl - Status update for project 1 completed in 0 ms (version 3)
[pool-4-thread-2] INFO com.builder.portfolio.service.ProjectServiceImpl - Status update for project 1 completed in 0 ms (version 4)
[pool-4-thread-2] INFO com.builder.portfolio.service.ProjectServiceImpl - Status update for project 1 completed in 0 ms (version 5)
[pool-4-thread-2] INFO com.builder.portfolio.service.ProjectServiceImpl - Status update for project 1 completed in 0 ms (version 6)
]]></system-err>
  </testcase>
</testsuite>